Traceback (most recent call last):
  File "/opt/hostedtoolcache/Python/3.11.14/x64/lib/python3.11/site-packages/jupyter_cache/executors/utils.py", line 58, in single_nb_execution
    executenb(
  File "/opt/hostedtoolcache/Python/3.11.14/x64/lib/python3.11/site-packages/nbclient/client.py", line 1323, in execute
    return NotebookClient(nb=nb, resources=resources, km=km, **kwargs).execute()
           ^^^^^^^^^^^^^^^^^^^^^^^^^^^^^^^^^^^^^^^^^^^^^^^^^^^^^^^^^^^^^^^^^^^^^
  File "/opt/hostedtoolcache/Python/3.11.14/x64/lib/python3.11/site-packages/jupyter_core/utils/__init__.py", line 165, in wrapped
    return loop.run_until_complete(inner)
           ^^^^^^^^^^^^^^^^^^^^^^^^^^^^^^
  File "/opt/hostedtoolcache/Python/3.11.14/x64/lib/python3.11/asyncio/base_events.py", line 654, in run_until_complete
    return future.result()
           ^^^^^^^^^^^^^^^
  File "/opt/hostedtoolcache/Python/3.11.14/x64/lib/python3.11/site-packages/nbclient/client.py", line 709, in async_execute
    await self.async_execute_cell(
  File "/opt/hostedtoolcache/Python/3.11.14/x64/lib/python3.11/site-packages/nbclient/client.py", line 1062, in async_execute_cell
    await self._check_raise_for_error(cell, cell_index, exec_reply)
  File "/opt/hostedtoolcache/Python/3.11.14/x64/lib/python3.11/site-packages/nbclient/client.py", line 918, in _check_raise_for_error
    raise CellExecutionError.from_cell_and_msg(cell, exec_reply_content)
nbclient.exceptions.CellExecutionError: An error occurred while executing the following cell:
------------------
# TODO: count students who passed
passed_count = None  # replace with your code

# TODO: compute average study_hours
avg_hours = None     # replace with your code

print(f'Students who passed: {passed_count}')
print(f'Average study hours: {avg_hours:.2f}')
------------------

----- stdout -----
Students who passed: None
------------------

[31m---------------------------------------------------------------------------[39m
[31mTypeError[39m                                 Traceback (most recent call last)
[36mCell[39m[36m [39m[32mIn[5][39m[32m, line 8[39m
[32m      5[39m avg_hours = [38;5;28;01mNone[39;00m     [38;5;66;03m# replace with your code[39;00m
[32m      7[39m [38;5;28mprint[39m([33mf[39m[33m'[39m[33mStudents who passed: [39m[38;5;132;01m{[39;00mpassed_count[38;5;132;01m}[39;00m[33m'[39m)
[32m----> [39m[32m8[39m [38;5;28mprint[39m([33mf[39m[33m'[39m[33mAverage study hours: [39m[38;5;132;01m{[39;00mavg_hours[38;5;132;01m:[39;00m[33m.2f[39m[38;5;132;01m}[39;00m[33m'[39m)

[31mTypeError[39m: unsupported format string passed to NoneType.__format__

