Traceback (most recent call last):
  File "/opt/hostedtoolcache/Python/3.11.13/x64/lib/python3.11/site-packages/jupyter_core/utils/__init__.py", line 154, in wrapped
    asyncio.get_running_loop()
RuntimeError: no running event loop

During handling of the above exception, another exception occurred:

Traceback (most recent call last):
  File "/opt/hostedtoolcache/Python/3.11.13/x64/lib/python3.11/site-packages/jupyter_cache/executors/utils.py", line 58, in single_nb_execution
    executenb(
  File "/opt/hostedtoolcache/Python/3.11.13/x64/lib/python3.11/site-packages/nbclient/client.py", line 1319, in execute
    return NotebookClient(nb=nb, resources=resources, km=km, **kwargs).execute()
           ^^^^^^^^^^^^^^^^^^^^^^^^^^^^^^^^^^^^^^^^^^^^^^^^^^^^^^^^^^^^^^^^^^^^^
  File "/opt/hostedtoolcache/Python/3.11.13/x64/lib/python3.11/site-packages/jupyter_core/utils/__init__.py", line 158, in wrapped
    return loop.run_until_complete(inner)
           ^^^^^^^^^^^^^^^^^^^^^^^^^^^^^^
  File "/opt/hostedtoolcache/Python/3.11.13/x64/lib/python3.11/asyncio/base_events.py", line 654, in run_until_complete
    return future.result()
           ^^^^^^^^^^^^^^^
  File "/opt/hostedtoolcache/Python/3.11.13/x64/lib/python3.11/site-packages/nbclient/client.py", line 709, in async_execute
    await self.async_execute_cell(
  File "/opt/hostedtoolcache/Python/3.11.13/x64/lib/python3.11/site-packages/nbclient/client.py", line 1062, in async_execute_cell
    await self._check_raise_for_error(cell, cell_index, exec_reply)
  File "/opt/hostedtoolcache/Python/3.11.13/x64/lib/python3.11/site-packages/nbclient/client.py", line 918, in _check_raise_for_error
    raise CellExecutionError.from_cell_and_msg(cell, exec_reply_content)
nbclient.exceptions.CellExecutionError: An error occurred while executing the following cell:
------------------
# Interactive 3D PCA viewer using plotly and ipywidgets
# If plotly or ipywidgets are not installed, this will instruct the user.
try:
    import plotly.express as px
    import ipywidgets as widgets
    from IPython.display import display, HTML
    from sklearn.datasets import load_iris
    from sklearn.decomposition import PCA
except Exception as e:
    print('Missing required packages for interactive viewer. Please install: plotly, ipywidgets.')
    print('Error:', e)
    raise

# Load data and compute PCA
data = load_iris()
X = data.data
y = data.target
target_names = data.target_names
pca = PCA(n_components=X.shape[1])
scores = pca.fit_transform(X)
explained = pca.explained_variance_ratio_

import pandas as pd
df_scores = pd.DataFrame(scores, columns=[f'PC{i+1}' for i in range(scores.shape[1])])
df_scores['target'] = [target_names[i] for i in y]

def make_3d_plot(pc_x=1, pc_y=2, pc_z=3):
    fig = px.scatter_3d(df_scores, x=f'PC{pc_x}', y=f'PC{pc_y}', z=f'PC{pc_z}',
                        color='target', symbol='target', title=f'PC{pc_x} vs PC{pc_y} vs PC{pc_z} (explained var: {explained[pc_x-1]:.2f}, {explained[pc_y-1]:.2f}, {explained[pc_z-1]:.2f})')
    fig.update_traces(marker=dict(size=5))
    fig.update_layout(width=800, height=600)
    return fig

pc_options = [1,2,3,4]
pc_x = widgets.Dropdown(options=pc_options, value=1, description='PC X:')
pc_y = widgets.Dropdown(options=pc_options, value=2, description='PC Y:')
pc_z = widgets.Dropdown(options=pc_options, value=3, description='PC Z:')

out = widgets.Output()

def update_plot(change=None):
    with out:
        out.clear_output(wait=True)
        fig = make_3d_plot(pc_x.value, pc_y.value, pc_z.value)
        #display(fig)
        fig.show()

pc_x.observe(update_plot, names='value')
pc_y.observe(update_plot, names='value')
pc_z.observe(update_plot, names='value')

controls = widgets.HBox([pc_x, pc_y, pc_z])
#display(controls)
display(controls, out)
update_plot()
------------------

----- stdout -----
Missing required packages for interactive viewer. Please install: plotly, ipywidgets.
Error: No module named 'plotly'
------------------

[31m---------------------------------------------------------------------------[39m
[31mModuleNotFoundError[39m                       Traceback (most recent call last)
[36mCell[39m[36m [39m[32mIn[3][39m[32m, line 4[39m
[32m      1[39m [38;5;66;03m# Interactive 3D PCA viewer using plotly and ipywidgets[39;00m
[32m      2[39m [38;5;66;03m# If plotly or ipywidgets are not installed, this will instruct the user.[39;00m
[32m      3[39m [38;5;28;01mtry[39;00m:
[32m----> [39m[32m4[39m     [38;5;28;01mimport[39;00m[38;5;250m [39m[34;01mplotly[39;00m[34;01m.[39;00m[34;01mexpress[39;00m[38;5;250m [39m[38;5;28;01mas[39;00m[38;5;250m [39m[34;01mpx[39;00m
[32m      5[39m     [38;5;28;01mimport[39;00m[38;5;250m [39m[34;01mipywidgets[39;00m[38;5;250m [39m[38;5;28;01mas[39;00m[38;5;250m [39m[34;01mwidgets[39;00m
[32m      6[39m     [38;5;28;01mfrom[39;00m[38;5;250m [39m[34;01mIPython[39;00m[34;01m.[39;00m[34;01mdisplay[39;00m[38;5;250m [39m[38;5;28;01mimport[39;00m display, HTML

[31mModuleNotFoundError[39m: No module named 'plotly'

