Traceback (most recent call last):
  File "/opt/hostedtoolcache/Python/3.11.13/x64/lib/python3.11/site-packages/jupyter_core/utils/__init__.py", line 154, in wrapped
    asyncio.get_running_loop()
RuntimeError: no running event loop

During handling of the above exception, another exception occurred:

Traceback (most recent call last):
  File "/opt/hostedtoolcache/Python/3.11.13/x64/lib/python3.11/site-packages/jupyter_cache/executors/utils.py", line 58, in single_nb_execution
    executenb(
  File "/opt/hostedtoolcache/Python/3.11.13/x64/lib/python3.11/site-packages/nbclient/client.py", line 1319, in execute
    return NotebookClient(nb=nb, resources=resources, km=km, **kwargs).execute()
           ^^^^^^^^^^^^^^^^^^^^^^^^^^^^^^^^^^^^^^^^^^^^^^^^^^^^^^^^^^^^^^^^^^^^^
  File "/opt/hostedtoolcache/Python/3.11.13/x64/lib/python3.11/site-packages/jupyter_core/utils/__init__.py", line 158, in wrapped
    return loop.run_until_complete(inner)
           ^^^^^^^^^^^^^^^^^^^^^^^^^^^^^^
  File "/opt/hostedtoolcache/Python/3.11.13/x64/lib/python3.11/asyncio/base_events.py", line 654, in run_until_complete
    return future.result()
           ^^^^^^^^^^^^^^^
  File "/opt/hostedtoolcache/Python/3.11.13/x64/lib/python3.11/site-packages/nbclient/client.py", line 709, in async_execute
    await self.async_execute_cell(
  File "/opt/hostedtoolcache/Python/3.11.13/x64/lib/python3.11/site-packages/nbclient/client.py", line 1062, in async_execute_cell
    await self._check_raise_for_error(cell, cell_index, exec_reply)
  File "/opt/hostedtoolcache/Python/3.11.13/x64/lib/python3.11/site-packages/nbclient/client.py", line 918, in _check_raise_for_error
    raise CellExecutionError.from_cell_and_msg(cell, exec_reply_content)
nbclient.exceptions.CellExecutionError: An error occurred while executing the following cell:
------------------
from nnv import NNV

layersList = [
    {"title":"input", "units": 3, "color": "darkBlue"},
    {"title":"hidden 1\n(sigmoid)", "units": 1, "edges_color":"red", "edges_width":2},
    {"title":"output\n(sigmoid)", "units": 1,"color": "darkBlue"},
]

NNV(layersList).render()
------------------


[31m---------------------------------------------------------------------------[39m
[31mModuleNotFoundError[39m                       Traceback (most recent call last)
[36mCell[39m[36m [39m[32mIn[2][39m[32m, line 1[39m
[32m----> [39m[32m1[39m [38;5;28;01mfrom[39;00m[38;5;250m [39m[34;01mnnv[39;00m[38;5;250m [39m[38;5;28;01mimport[39;00m NNV
[32m      3[39m layersList = [
[32m      4[39m     {[33m"[39m[33mtitle[39m[33m"[39m:[33m"[39m[33minput[39m[33m"[39m, [33m"[39m[33munits[39m[33m"[39m: [32m3[39m, [33m"[39m[33mcolor[39m[33m"[39m: [33m"[39m[33mdarkBlue[39m[33m"[39m},
[32m      5[39m     {[33m"[39m[33mtitle[39m[33m"[39m:[33m"[39m[33mhidden 1[39m[38;5;130;01m\n[39;00m[33m(sigmoid)[39m[33m"[39m, [33m"[39m[33munits[39m[33m"[39m: [32m1[39m, [33m"[39m[33medges_color[39m[33m"[39m:[33m"[39m[33mred[39m[33m"[39m, [33m"[39m[33medges_width[39m[33m"[39m:[32m2[39m},
[32m      6[39m     {[33m"[39m[33mtitle[39m[33m"[39m:[33m"[39m[33moutput[39m[38;5;130;01m\n[39;00m[33m(sigmoid)[39m[33m"[39m, [33m"[39m[33munits[39m[33m"[39m: [32m1[39m,[33m"[39m[33mcolor[39m[33m"[39m: [33m"[39m[33mdarkBlue[39m[33m"[39m},
[32m      7[39m ]
[32m      9[39m NNV(layersList).render()

[31mModuleNotFoundError[39m: No module named 'nnv'

